Using pre-set license
Built from '2020.2/staging' branch; Version is '2020.2.6f1 (8a2143876886) revision 9052483'; Using compiler version '192528614'; Build Type 'Release'
OS: 'Windows 10 Pro; OS build 19042.928; Version 2009; 64bit' Language: 'ko' Physical Memory: 8143 MB
BatchMode: 1, IsHumanControllingUs: 0, StartBugReporterOnCrash: 0, Is64bit: 1, IsPro: 0

 COMMAND LINE ARGUMENTS:
C:\Program Files\Unity\Hub\Editor\2020.2.6f1\Editor\Unity.exe
-adb2
-batchMode
-noUpm
-name
AssetImportWorker0
-projectPath
C:/Users/SeoYM/Desktop/unity/Game engine
-logFile
Logs/AssetImportWorker0.log
-srvPort
8515
Successfully changed project path to: C:/Users/SeoYM/Desktop/unity/Game engine
C:/Users/SeoYM/Desktop/unity/Game engine
Using Asset Import Pipeline V2.
Refreshing native plugins compatible for Editor in 44.05 ms, found 0 plugins.
Preloading 0 native plugins for Editor in 0.00 ms.
Initialize engine version: 2020.2.6f1 (8a2143876886)
[Subsystems] Discovering subsystems at path C:/Program Files/Unity/Hub/Editor/2020.2.6f1/Editor/Data/Resources/UnitySubsystems
[Subsystems] Discovering subsystems at path C:/Users/SeoYM/Desktop/unity/Game engine/Assets
GfxDevice: creating device client; threaded=0
Direct3D:
    Version:  Direct3D 11.0 [level 11.0]
    Renderer: NVIDIA GeForce GTX 760 (ID=0x1187)
    Vendor:   
    VRAM:     2007 MB
    Driver:   27.21.14.6089
Initialize mono
Mono path[0] = 'C:/Program Files/Unity/Hub/Editor/2020.2.6f1/Editor/Data/Managed'
Mono path[1] = 'C:/Program Files/Unity/Hub/Editor/2020.2.6f1/Editor/Data/MonoBleedingEdge/lib/mono/unityjit'
Mono config path = 'C:/Program Files/Unity/Hub/Editor/2020.2.6f1/Editor/Data/MonoBleedingEdge/etc'
Using monoOptions --debugger-agent=transport=dt_socket,embedding=1,server=y,suspend=n,address=127.0.0.1:56512
Begin MonoManager ReloadAssembly
Registering precompiled unity dll's ...
Register platform support module: C:/Program Files/Unity/Hub/Editor/2020.2.6f1/Editor/Data/PlaybackEngines/WindowsStandaloneSupport/UnityEditor.WindowsStandalone.Extensions.dll
Registered in 0.014284 seconds.
Native extension for WindowsStandalone target not found
Refreshing native plugins compatible for Editor in 39.61 ms, found 0 plugins.
Preloading 0 native plugins for Editor in 0.00 ms.
Unable to find bridge dll in registry for Microsoft Visual Studio Tools for Unity for C:/Program Files (x86)/Microsoft Visual Studio/2019/Community/Common7/IDE/devenv.exe
Invoked RoslynAnalysisRunner static constructor.
RoslynAnalysisRunner will not be running.
RoslynAnalysisRunner has terminated.
Mono: successfully reloaded assembly
- Completed reload, in  3.915 seconds
Platform modules already initialized, skipping
Registering precompiled user dll's ...
Registered in 0.002923 seconds.
Begin MonoManager ReloadAssembly
Native extension for WindowsStandalone target not found
Refreshing native plugins compatible for Editor in 0.28 ms, found 0 plugins.
Preloading 0 native plugins for Editor in 0.00 ms.
Invoked RoslynAnalysisRunner static constructor.
RoslynAnalysisRunner will not be running.
RoslynAnalysisRunner has terminated.
Mono: successfully reloaded assembly
- Completed reload, in  1.536 seconds
Platform modules already initialized, skipping
========================================================================
Worker process is ready to serve import requests
Launched and connected shader compiler UnityShaderCompiler.exe after 0.12 seconds
Refreshing native plugins compatible for Editor in 0.31 ms, found 0 plugins.
Preloading 0 native plugins for Editor in 0.00 ms.
Unloading 1115 Unused Serialized files (Serialized files now loaded: 0)
System memory in use before: 59.5 MB.
System memory in use after: 59.6 MB.

Unloading 10 unused Assets to reduce memory usage. Loaded Objects now: 1556.
Total: 2.391300 ms (FindLiveObjects: 0.236400 ms CreateObjectMapping: 0.069600 ms MarkObjects: 1.982500 ms  DeleteObjects: 0.101000 ms)

========================================================================
Received Import Request.
  path: Assets/ObstacleCoursePack/Prefabs/WallMovable.prefab
  artifactKey: Guid(1f9416082698e614ebb7003c2d80098b) Importer(815301076,1909f56bfc062723c751e8b465ee728b)
Start importing Assets/ObstacleCoursePack/Prefabs/WallMovable.prefab using Guid(1f9416082698e614ebb7003c2d80098b) Importer(815301076,1909f56bfc062723c751e8b465ee728b)  -> (artifact id: 'ed2c27e66064da7b5be76b723a7b8e78') in 0.193416 seconds
  Import took 0.196231 seconds .

========================================================================
Received Import Request.
  Time since last request: 0.000352 seconds.
  path: Assets/ObstacleCoursePack/Prefabs/RBCubes.prefab
  artifactKey: Guid(a48714e39c2ecc644b62544a3a53c53a) Importer(815301076,1909f56bfc062723c751e8b465ee728b)
Start importing Assets/ObstacleCoursePack/Prefabs/RBCubes.prefab using Guid(a48714e39c2ecc644b62544a3a53c53a) Importer(815301076,1909f56bfc062723c751e8b465ee728b)  -> (artifact id: 'bbe2c5335b28b0d10a1c663e979f072d') in 0.024965 seconds
  Import took 0.027801 seconds .

========================================================================
Received Import Request.
  Time since last request: 0.000376 seconds.
  path: Assets/ObstacleCoursePack/Prefabs
  artifactKey: Guid(0c05e4bbc57df5145937585c146846a2) Importer(815301076,1909f56bfc062723c751e8b465ee728b)
Start importing Assets/ObstacleCoursePack/Prefabs using Guid(0c05e4bbc57df5145937585c146846a2) Importer(815301076,1909f56bfc062723c751e8b465ee728b)  -> (artifact id: '9e11dbb8343225de9cd960db23220c90') in 0.007700 seconds
  Import took 0.010732 seconds .

========================================================================
Received Import Request.
  Time since last request: 0.000370 seconds.
  path: Assets/ObstacleCoursePack/Prefabs/Pendulum.prefab
  artifactKey: Guid(de4e8ae22411dba4f971edf49f8738f2) Importer(815301076,1909f56bfc062723c751e8b465ee728b)
Start importing Assets/ObstacleCoursePack/Prefabs/Pendulum.prefab using Guid(de4e8ae22411dba4f971edf49f8738f2) Importer(815301076,1909f56bfc062723c751e8b465ee728b)  -> (artifact id: 'fee551a3a1660ac56ad03a4b83e407fe') in 0.023145 seconds
  Import took 0.026079 seconds .

========================================================================
Received Import Request.
  Time since last request: 0.000336 seconds.
  path: Assets/ObstacleCoursePack/Prefabs/MovableWall.prefab
  artifactKey: Guid(474c64e7b6302304bb04e77a9e8809dc) Importer(815301076,1909f56bfc062723c751e8b465ee728b)
Start importing Assets/ObstacleCoursePack/Prefabs/MovableWall.prefab using Guid(474c64e7b6302304bb04e77a9e8809dc) Importer(815301076,1909f56bfc062723c751e8b465ee728b)  -> (artifact id: 'f62d684409bd75d93a101c3193c7cf94') in 0.021510 seconds
  Import took 0.025230 seconds .

========================================================================
Received Import Request.
  Time since last request: 0.000451 seconds.
  path: Assets/ObstacleCoursePack/Prefabs/Bounce.prefab
  artifactKey: Guid(07ec32bcd6a21e34d9d0be169af45608) Importer(815301076,1909f56bfc062723c751e8b465ee728b)
Start importing Assets/ObstacleCoursePack/Prefabs/Bounce.prefab using Guid(07ec32bcd6a21e34d9d0be169af45608) Importer(815301076,1909f56bfc062723c751e8b465ee728b)  -> (artifact id: '468ed1519ff80486062174bcd5d02ca8') in 0.019335 seconds
  Import took 0.023250 seconds .

========================================================================
Received Import Request.
  Time since last request: 0.000418 seconds.
  path: Assets/ObstacleCoursePack/Prefabs/Sphere.prefab
  artifactKey: Guid(a3db52d569ccd3c468777dd8e04f65ce) Importer(815301076,1909f56bfc062723c751e8b465ee728b)
Start importing Assets/ObstacleCoursePack/Prefabs/Sphere.prefab using Guid(a3db52d569ccd3c468777dd8e04f65ce) Importer(815301076,1909f56bfc062723c751e8b465ee728b)  -> (artifact id: '7c8320806351a730ba0e6ba31a59b016') in 0.021452 seconds
  Import took 0.024411 seconds .

========================================================================
Received Import Request.
  Time since last request: 0.000347 seconds.
  path: Assets/ObstacleCoursePack/Prefabs/MovableObs.prefab
  artifactKey: Guid(1d998f3b2007ad14c900d3cecab26ab4) Importer(815301076,1909f56bfc062723c751e8b465ee728b)
Start importing Assets/ObstacleCoursePack/Prefabs/MovableObs.prefab using Guid(1d998f3b2007ad14c900d3cecab26ab4) Importer(815301076,1909f56bfc062723c751e8b465ee728b)  -> (artifact id: '7751496867d8e8bf8ccfab092d905d62') in 0.023649 seconds
  Import took 0.026679 seconds .

========================================================================
Received Import Request.
  Time since last request: 0.000403 seconds.
  path: Assets/ObstacleCoursePack/Prefabs/Rotator.prefab
  artifactKey: Guid(3925e022072f0474a8dab88c2fdaf0ce) Importer(815301076,1909f56bfc062723c751e8b465ee728b)
Start importing Assets/ObstacleCoursePack/Prefabs/Rotator.prefab using Guid(3925e022072f0474a8dab88c2fdaf0ce) Importer(815301076,1909f56bfc062723c751e8b465ee728b)  -> (artifact id: '5eca240d167f715b60e7cbc56f5281c2') in 0.022244 seconds
  Import took 0.025692 seconds .

========================================================================
Received Import Request.
  Time since last request: 0.000374 seconds.
  path: Assets/ObstacleCoursePack/Prefabs/RotationX.prefab
  artifactKey: Guid(7bb56e75164d29c4189de79dd5887e8e) Importer(815301076,1909f56bfc062723c751e8b465ee728b)
Start importing Assets/ObstacleCoursePack/Prefabs/RotationX.prefab using Guid(7bb56e75164d29c4189de79dd5887e8e) Importer(815301076,1909f56bfc062723c751e8b465ee728b)  -> (artifact id: '8f56c591e13ae6e154fdaab022711886') in 0.022045 seconds
  Import took 0.025057 seconds .

========================================================================
Received Import Request.
  Time since last request: 0.000355 seconds.
  path: Assets/ObstacleCoursePack/Scripts
  artifactKey: Guid(3650c34a22c5f4e4c84c2a2c63ca2dac) Importer(815301076,1909f56bfc062723c751e8b465ee728b)
Start importing Assets/ObstacleCoursePack/Scripts using Guid(3650c34a22c5f4e4c84c2a2c63ca2dac) Importer(815301076,1909f56bfc062723c751e8b465ee728b)  -> (artifact id: 'fcebe6fedac894cf73258184d271bd86') in 0.008535 seconds
  Import took 0.011789 seconds .

========================================================================
Received Import Request.
  Time since last request: 0.000425 seconds.
  path: Assets/ObstacleCoursePack/Prefabs/CheckPoint.prefab
  artifactKey: Guid(04400a104b4c4574ab6d4419858e994b) Importer(815301076,1909f56bfc062723c751e8b465ee728b)
Start importing Assets/ObstacleCoursePack/Prefabs/CheckPoint.prefab using Guid(04400a104b4c4574ab6d4419858e994b) Importer(815301076,1909f56bfc062723c751e8b465ee728b)  -> (artifact id: '1917fa1bdbdfa68cb931e8ee74a78642') in 0.018435 seconds
  Import took 0.021516 seconds .

========================================================================
Received Import Request.
  Time since last request: 0.000355 seconds.
  path: Assets/ObstacleCoursePack/Prefabs/FallPlat.prefab
  artifactKey: Guid(bd117f6e0af0c2942926e61c209b253f) Importer(815301076,1909f56bfc062723c751e8b465ee728b)
Start importing Assets/ObstacleCoursePack/Prefabs/FallPlat.prefab using Guid(bd117f6e0af0c2942926e61c209b253f) Importer(815301076,1909f56bfc062723c751e8b465ee728b)  -> (artifact id: '0296c80057f4ee928bb8c1c8ffe1b9f5') in 0.021474 seconds
  Import took 0.024752 seconds .

========================================================================
Received Import Request.
  Time since last request: 0.000400 seconds.
  path: Assets/ObstacleCoursePack/Prefabs/RotationPlat.prefab
  artifactKey: Guid(a70841853b0e99545a7dc761ea9def4d) Importer(815301076,1909f56bfc062723c751e8b465ee728b)
Start importing Assets/ObstacleCoursePack/Prefabs/RotationPlat.prefab using Guid(a70841853b0e99545a7dc761ea9def4d) Importer(815301076,1909f56bfc062723c751e8b465ee728b)  -> (artifact id: '6e051af758128b869982afde09ea447d') in 0.026405 seconds
  Import took 0.030201 seconds .

========================================================================
Received Import Request.
  Time since last request: 5.347682 seconds.
  path: Assets/ObstacleCoursePack/Materials
  artifactKey: Guid(29337c566f471694da5a38cb1347c3b1) Importer(815301076,1909f56bfc062723c751e8b465ee728b)
Start importing Assets/ObstacleCoursePack/Materials using Guid(29337c566f471694da5a38cb1347c3b1) Importer(815301076,1909f56bfc062723c751e8b465ee728b)  -> (artifact id: 'dec8ca86776d4db8d01284f2f6ccb61e') in 0.007654 seconds
  Import took 0.010491 seconds .

========================================================================
Received Import Request.
  Time since last request: 0.389154 seconds.
  path: Assets/ObstacleCoursePack/PhysicMaterials
  artifactKey: Guid(5f54be62d310a0f47880a861e1c97c0b) Importer(815301076,1909f56bfc062723c751e8b465ee728b)
Start importing Assets/ObstacleCoursePack/PhysicMaterials using Guid(5f54be62d310a0f47880a861e1c97c0b) Importer(815301076,1909f56bfc062723c751e8b465ee728b)  -> (artifact id: '815c5a4c6c9a594bb127e0b82cd410be') in 0.008258 seconds
  Import took 0.012033 seconds .

========================================================================
Received Import Request.
  Time since last request: 7.158213 seconds.
  path: Assets/Scenes/SampleScene.unity
  artifactKey: Guid(9fc0d4010bbf28b4594072e72b8655ab) Importer(815301076,1909f56bfc062723c751e8b465ee728b)
Start importing Assets/Scenes/SampleScene.unity using Guid(9fc0d4010bbf28b4594072e72b8655ab) Importer(815301076,1909f56bfc062723c751e8b465ee728b)  -> (artifact id: '144215118d73717209e7879764c79abc') in 0.008055 seconds
  Import took 0.011926 seconds .

========================================================================
Received Import Request.
  Time since last request: 3.103227 seconds.
  path: Assets/Scenes/SampleScene.unity
  artifactKey: Guid(9fc0d4010bbf28b4594072e72b8655ab) Importer(815301076,1909f56bfc062723c751e8b465ee728b)
Start importing Assets/Scenes/SampleScene.unity using Guid(9fc0d4010bbf28b4594072e72b8655ab) Importer(815301076,1909f56bfc062723c751e8b465ee728b)  -> (artifact id: '9a615720b6ce33aeaed76e5a3f870026') in 0.009357 seconds
  Import took 0.013283 seconds .

========================================================================
Received Import Request.
  Time since last request: 7.302242 seconds.
  path: Assets/ObstacleCoursePack/Controller/Camera Holder.prefab
  artifactKey: Guid(74fe7eed3ad8ec84bb8770355f363fda) Importer(815301076,1909f56bfc062723c751e8b465ee728b)
Start importing Assets/ObstacleCoursePack/Controller/Camera Holder.prefab using Guid(74fe7eed3ad8ec84bb8770355f363fda) Importer(815301076,1909f56bfc062723c751e8b465ee728b)  -> (artifact id: 'ae7b010a8617ab13b75317547e893412') in 0.024417 seconds
  Import took 0.027685 seconds .

========================================================================
Received Import Request.
  Time since last request: 0.000415 seconds.
  path: Assets/ObstacleCoursePack/Controller/Player.prefab
  artifactKey: Guid(943c29498ab959842b6d7bee1f42370e) Importer(815301076,1909f56bfc062723c751e8b465ee728b)
Start importing Assets/ObstacleCoursePack/Controller/Player.prefab using Guid(943c29498ab959842b6d7bee1f42370e) Importer(815301076,1909f56bfc062723c751e8b465ee728b)  -> (artifact id: '8946f03370e2a1b9bec3e4176fa2e904') in 0.022545 seconds
  Import took 0.025409 seconds .

========================================================================
Received Import Request.
  Time since last request: 7.618925 seconds.
  path: Assets/ObstacleCoursePack/Materials/Blue.mat
  artifactKey: Guid(7c66626491aab02488fa5737512db8ec) Importer(815301076,1909f56bfc062723c751e8b465ee728b)
Start importing Assets/ObstacleCoursePack/Materials/Blue.mat using Guid(7c66626491aab02488fa5737512db8ec) Importer(815301076,1909f56bfc062723c751e8b465ee728b)  -> (artifact id: 'e16700afb8fc3e40f937b3eb7ce124ab') in 0.054756 seconds
  Import took 0.058342 seconds .

========================================================================
Received Import Request.
  Time since last request: 0.000388 seconds.
  path: Assets/ObstacleCoursePack/Materials/Yellow.mat
  artifactKey: Guid(af19a61c0cc985d4d91ca0e18b899983) Importer(815301076,1909f56bfc062723c751e8b465ee728b)
Start importing Assets/ObstacleCoursePack/Materials/Yellow.mat using Guid(af19a61c0cc985d4d91ca0e18b899983) Importer(815301076,1909f56bfc062723c751e8b465ee728b)  -> (artifact id: '58a26b7f06ac3712dbe834e7e338d662') in 0.019933 seconds
  Import took 0.022537 seconds .

========================================================================
Received Import Request.
  Time since last request: 0.000392 seconds.
  path: Assets/ObstacleCoursePack/Materials/Pink.mat
  artifactKey: Guid(f849da5dbad64cc4a90ffdf153295e54) Importer(815301076,1909f56bfc062723c751e8b465ee728b)
Start importing Assets/ObstacleCoursePack/Materials/Pink.mat using Guid(f849da5dbad64cc4a90ffdf153295e54) Importer(815301076,1909f56bfc062723c751e8b465ee728b)  -> (artifact id: '4296351dcef0900b08ca1444e0d5eea2') in 0.019843 seconds
  Import took 0.022466 seconds .

========================================================================
Received Import Request.
  Time since last request: 0.000333 seconds.
  path: Assets/ObstacleCoursePack/Materials/Red.mat
  artifactKey: Guid(9680173c898d4d2419181ffc87f5193a) Importer(815301076,1909f56bfc062723c751e8b465ee728b)
Start importing Assets/ObstacleCoursePack/Materials/Red.mat using Guid(9680173c898d4d2419181ffc87f5193a) Importer(815301076,1909f56bfc062723c751e8b465ee728b)  -> (artifact id: 'a731581157a6a6093a1e711230cce8db') in 0.018000 seconds
  Import took 0.020668 seconds .

========================================================================
Received Import Request.
  Time since last request: 0.000342 seconds.
  path: Assets/ObstacleCoursePack/Materials/White.mat
  artifactKey: Guid(8bb3607333838384fa8702d3b19a5b03) Importer(815301076,1909f56bfc062723c751e8b465ee728b)
Start importing Assets/ObstacleCoursePack/Materials/White.mat using Guid(8bb3607333838384fa8702d3b19a5b03) Importer(815301076,1909f56bfc062723c751e8b465ee728b)  -> (artifact id: 'da169d8e55cf6264317fe427966ea3ca') in 0.018421 seconds
  Import took 0.021587 seconds .

========================================================================
Received Import Request.
  Time since last request: 0.000376 seconds.
  path: Assets/ObstacleCoursePack/Materials/Gray.mat
  artifactKey: Guid(f3fa1f2e5e0f1d9499cf5b43ac60cc43) Importer(815301076,1909f56bfc062723c751e8b465ee728b)
Start importing Assets/ObstacleCoursePack/Materials/Gray.mat using Guid(f3fa1f2e5e0f1d9499cf5b43ac60cc43) Importer(815301076,1909f56bfc062723c751e8b465ee728b)  -> (artifact id: 'cce4fe6ff0f897c96866b1b03f760365') in 0.018032 seconds
  Import took 0.021588 seconds .

========================================================================
Received Import Request.
  Time since last request: 0.000334 seconds.
  path: Assets/ObstacleCoursePack/Materials/Green.mat
  artifactKey: Guid(890d1b9f969d9cc438768c577d6efcd0) Importer(815301076,1909f56bfc062723c751e8b465ee728b)
Start importing Assets/ObstacleCoursePack/Materials/Green.mat using Guid(890d1b9f969d9cc438768c577d6efcd0) Importer(815301076,1909f56bfc062723c751e8b465ee728b)  -> (artifact id: '9c20e6ff5e8588273798613207d2cb02') in 0.020987 seconds
  Import took 0.023973 seconds .

========================================================================
Received Import Request.
  Time since last request: 1.816460 seconds.
  path: Assets/ObstacleCoursePack/PhysicMaterials/Bounce.physicMaterial
  artifactKey: Guid(50bdf91b9b06d8c459c14600af9d7a8e) Importer(815301076,1909f56bfc062723c751e8b465ee728b)
Start importing Assets/ObstacleCoursePack/PhysicMaterials/Bounce.physicMaterial using Guid(50bdf91b9b06d8c459c14600af9d7a8e) Importer(815301076,1909f56bfc062723c751e8b465ee728b)  -> (artifact id: 'cbcd2d78f551afc992fd80ea3b46fe51') in 0.014993 seconds
  Import took 0.017758 seconds .

========================================================================
Received Import Request.
  Time since last request: 0.000360 seconds.
  path: Assets/ObstacleCoursePack/PhysicMaterials/Friction.physicMaterial
  artifactKey: Guid(4f9b3b62200b5134bb2c30750747a446) Importer(815301076,1909f56bfc062723c751e8b465ee728b)
Start importing Assets/ObstacleCoursePack/PhysicMaterials/Friction.physicMaterial using Guid(4f9b3b62200b5134bb2c30750747a446) Importer(815301076,1909f56bfc062723c751e8b465ee728b)  -> (artifact id: 'be42647970ab8e46fcbf6b544ee5fa42') in 0.008461 seconds
  Import took 0.011423 seconds .

========================================================================
Received Import Request.
  Time since last request: 0.000399 seconds.
  path: Assets/ObstacleCoursePack/PhysicMaterials/Slipery.physicMaterial
  artifactKey: Guid(42f5937c5cd107c44bcdb155f14c54c0) Importer(815301076,1909f56bfc062723c751e8b465ee728b)
Start importing Assets/ObstacleCoursePack/PhysicMaterials/Slipery.physicMaterial using Guid(42f5937c5cd107c44bcdb155f14c54c0) Importer(815301076,1909f56bfc062723c751e8b465ee728b)  -> (artifact id: '5ed6b698db2294a5fcaf64979164b5e6') in 0.008748 seconds
  Import took 0.011395 seconds .

========================================================================
Received Import Request.
  Time since last request: 0.000359 seconds.
  path: Assets/ObstacleCoursePack/PhysicMaterials/Normal.physicMaterial
  artifactKey: Guid(c5881576458665e4eb49f9bcbb8f6066) Importer(815301076,1909f56bfc062723c751e8b465ee728b)
Start importing Assets/ObstacleCoursePack/PhysicMaterials/Normal.physicMaterial using Guid(c5881576458665e4eb49f9bcbb8f6066) Importer(815301076,1909f56bfc062723c751e8b465ee728b)  -> (artifact id: 'cb3103a25db4b3a045dca2a6cf364750') in 0.008846 seconds
  Import took 0.011659 seconds .

========================================================================
Received Import Request.
  Time since last request: 0.004327 seconds.
  path: Assets/ObstacleCoursePack/PhysicMaterials/Slipery.physicMaterial
  artifactKey: Guid(42f5937c5cd107c44bcdb155f14c54c0) Importer(815301076,1909f56bfc062723c751e8b465ee728b)
Start importing Assets/ObstacleCoursePack/PhysicMaterials/Slipery.physicMaterial using Guid(42f5937c5cd107c44bcdb155f14c54c0) Importer(815301076,1909f56bfc062723c751e8b465ee728b)  -> (artifact id: '5ed6b698db2294a5fcaf64979164b5e6') in 0.010056 seconds
  Import took 0.013668 seconds .

========================================================================
Received Import Request.
  Time since last request: 6.680571 seconds.
  path: Assets/ObstacleCoursePack/Scripts/Pendulum.cs
  artifactKey: Guid(961fa4ff4b5f6fa448e33eb86dbad1f0) Importer(815301076,1909f56bfc062723c751e8b465ee728b)
Start importing Assets/ObstacleCoursePack/Scripts/Pendulum.cs using Guid(961fa4ff4b5f6fa448e33eb86dbad1f0) Importer(815301076,1909f56bfc062723c751e8b465ee728b)  -> (artifact id: 'd5508259ae92b378b4029eedf2e648af') in 0.805922 seconds
  Import took 0.809038 seconds .

========================================================================
Received Import Request.
  Time since last request: 2.025290 seconds.
  path: Assets/ObstacleCoursePack/Scripts/WallMovable.cs
  artifactKey: Guid(df6adb98ec669aa408ddfc984d2ec8bd) Importer(815301076,1909f56bfc062723c751e8b465ee728b)
Start importing Assets/ObstacleCoursePack/Scripts/WallMovable.cs using Guid(df6adb98ec669aa408ddfc984d2ec8bd) Importer(815301076,1909f56bfc062723c751e8b465ee728b)  -> (artifact id: 'd80b4db61061a366d34deb82112cef28') in 0.006554 seconds
  Import took 0.009593 seconds .

========================================================================
Received Import Request.
  Time since last request: 0.369166 seconds.
  path: Assets/ObstacleCoursePack/Scripts/SavePos.cs
  artifactKey: Guid(46832eaf464f7ff44ae60104d70f4c1e) Importer(815301076,1909f56bfc062723c751e8b465ee728b)
Start importing Assets/ObstacleCoursePack/Scripts/SavePos.cs using Guid(46832eaf464f7ff44ae60104d70f4c1e) Importer(815301076,1909f56bfc062723c751e8b465ee728b)  -> (artifact id: 'ed283c23f3b2be4b1c76806191519374') in 0.007468 seconds
  Import took 0.010477 seconds .

========================================================================
Received Prepare
Registering precompiled user dll's ...
Registered in 0.006831 seconds.
Begin MonoManager ReloadAssembly
Native extension for WindowsStandalone target not found
Refreshing native plugins compatible for Editor in 0.31 ms, found 0 plugins.
Preloading 0 native plugins for Editor in 0.00 ms.
Invoked RoslynAnalysisRunner static constructor.
RoslynAnalysisRunner will not be running.
RoslynAnalysisRunner has terminated.
Mono: successfully reloaded assembly
- Completed reload, in  1.973 seconds
Platform modules already initialized, skipping
Refreshing native plugins compatible for Editor in 0.74 ms, found 0 plugins.
Preloading 0 native plugins for Editor in 0.00 ms.
Unloading 1110 Unused Serialized files (Serialized files now loaded: 0)
System memory in use before: 63.0 MB.
System memory in use after: 63.0 MB.

Unloading 5 unused Assets to reduce memory usage. Loaded Objects now: 1602.
Total: 2.318100 ms (FindLiveObjects: 0.159300 ms CreateObjectMapping: 0.050300 ms MarkObjects: 2.014100 ms  DeleteObjects: 0.092300 ms)

========================================================================
Received Prepare
Registering precompiled user dll's ...
Registered in 0.002600 seconds.
Begin MonoManager ReloadAssembly
Native extension for WindowsStandalone target not found
Refreshing native plugins compatible for Editor in 0.33 ms, found 0 plugins.
Preloading 0 native plugins for Editor in 0.00 ms.
Invoked RoslynAnalysisRunner static constructor.
RoslynAnalysisRunner will not be running.
RoslynAnalysisRunner has terminated.
Mono: successfully reloaded assembly
- Completed reload, in  1.647 seconds
Platform modules already initialized, skipping
Refreshing native plugins compatible for Editor in 0.29 ms, found 0 plugins.
Preloading 0 native plugins for Editor in 0.00 ms.
Unloading 1110 Unused Serialized files (Serialized files now loaded: 0)
System memory in use before: 63.0 MB.
System memory in use after: 63.1 MB.

Unloading 5 unused Assets to reduce memory usage. Loaded Objects now: 1604.
Total: 1.929900 ms (FindLiveObjects: 0.185700 ms CreateObjectMapping: 0.050300 ms MarkObjects: 1.622100 ms  DeleteObjects: 0.070100 ms)

========================================================================
Received Prepare
Registering precompiled user dll's ...
Registered in 0.002779 seconds.
Begin MonoManager ReloadAssembly
Native extension for WindowsStandalone target not found
Refreshing native plugins compatible for Editor in 0.31 ms, found 0 plugins.
Preloading 0 native plugins for Editor in 0.00 ms.
Invoked RoslynAnalysisRunner static constructor.
RoslynAnalysisRunner will not be running.
RoslynAnalysisRunner has terminated.
Mono: successfully reloaded assembly
- Completed reload, in  1.967 seconds
Platform modules already initialized, skipping
Refreshing native plugins compatible for Editor in 0.30 ms, found 0 plugins.
Preloading 0 native plugins for Editor in 0.00 ms.
Unloading 1110 Unused Serialized files (Serialized files now loaded: 0)
System memory in use before: 63.0 MB.
System memory in use after: 63.1 MB.

Unloading 5 unused Assets to reduce memory usage. Loaded Objects now: 1606.
Total: 14.039400 ms (FindLiveObjects: 0.895200 ms CreateObjectMapping: 0.593400 ms MarkObjects: 12.464400 ms  DeleteObjects: 0.075000 ms)

========================================================================
Received Import Request.
  Time since last request: 401.628524 seconds.
  path: Assets/ObstacleCoursePack/Scripts/MovableObs.cs
  artifactKey: Guid(8c78eaffd4b5a704daa689d5bc3e3e09) Importer(815301076,1909f56bfc062723c751e8b465ee728b)
Start importing Assets/ObstacleCoursePack/Scripts/MovableObs.cs using Guid(8c78eaffd4b5a704daa689d5bc3e3e09) Importer(815301076,1909f56bfc062723c751e8b465ee728b)  -> (artifact id: 'e313d37c9e220b5ee269f2ef933a93ce') in 0.010454 seconds
  Import took 0.013745 seconds .

========================================================================
Received Import Request.
  Time since last request: 7.811048 seconds.
  path: Assets/ObstacleCoursePack/Scripts/Rotator.cs
  artifactKey: Guid(2a4a9cafee43ebf41a59e59bbfa21f2b) Importer(815301076,1909f56bfc062723c751e8b465ee728b)
Start importing Assets/ObstacleCoursePack/Scripts/Rotator.cs using Guid(2a4a9cafee43ebf41a59e59bbfa21f2b) Importer(815301076,1909f56bfc062723c751e8b465ee728b)  -> (artifact id: '3ddd7107d43d962dcb870f5774e53f24') in 0.014258 seconds
  Import took 0.018190 seconds .

========================================================================
Received Prepare
Registering precompiled user dll's ...
Registered in 0.002634 seconds.
Begin MonoManager ReloadAssembly
Native extension for WindowsStandalone target not found
Refreshing native plugins compatible for Editor in 0.29 ms, found 0 plugins.
Preloading 0 native plugins for Editor in 0.00 ms.
Invoked RoslynAnalysisRunner static constructor.
RoslynAnalysisRunner will not be running.
RoslynAnalysisRunner has terminated.
Mono: successfully reloaded assembly
- Completed reload, in  1.777 seconds
Platform modules already initialized, skipping
Refreshing native plugins compatible for Editor in 0.35 ms, found 0 plugins.
Preloading 0 native plugins for Editor in 0.00 ms.
Unloading 1110 Unused Serialized files (Serialized files now loaded: 0)
System memory in use before: 63.0 MB.
System memory in use after: 63.1 MB.

Unloading 5 unused Assets to reduce memory usage. Loaded Objects now: 1608.
Total: 2.192600 ms (FindLiveObjects: 0.358000 ms CreateObjectMapping: 0.093100 ms MarkObjects: 1.674400 ms  DeleteObjects: 0.065200 ms)

========================================================================
Received Import Request.
  Time since last request: 147.997022 seconds.
  path: Assets/ObstacleCoursePack/Scripts/KillZone.cs
  artifactKey: Guid(3d17b4303e125b24580f2dd3e79e1b99) Importer(815301076,1909f56bfc062723c751e8b465ee728b)
Start importing Assets/ObstacleCoursePack/Scripts/KillZone.cs using Guid(3d17b4303e125b24580f2dd3e79e1b99) Importer(815301076,1909f56bfc062723c751e8b465ee728b)  -> (artifact id: '178f8ec3ae9bf3dbc910e5cd977e1705') in 0.013282 seconds
  Import took 0.018203 seconds .

========================================================================
Received Import Request.
  Time since last request: 2.137705 seconds.
  path: Assets/ObstacleCoursePack/Scripts/FPSDisplay.cs
  artifactKey: Guid(6f1e52e613512aa4b8d9da022cb504f9) Importer(815301076,1909f56bfc062723c751e8b465ee728b)
Start importing Assets/ObstacleCoursePack/Scripts/FPSDisplay.cs using Guid(6f1e52e613512aa4b8d9da022cb504f9) Importer(815301076,1909f56bfc062723c751e8b465ee728b)  -> (artifact id: 'a0f6e726e8c80f26e935568ef7524152') in 0.012769 seconds
  Import took 0.019616 seconds .

========================================================================
Received Import Request.
  Time since last request: 1.860064 seconds.
  path: Assets/ObstacleCoursePack/Scripts/FallPlat.cs
  artifactKey: Guid(5d0ee86a322726f42853351f23363550) Importer(815301076,1909f56bfc062723c751e8b465ee728b)
Start importing Assets/ObstacleCoursePack/Scripts/FallPlat.cs using Guid(5d0ee86a322726f42853351f23363550) Importer(815301076,1909f56bfc062723c751e8b465ee728b)  -> (artifact id: '57be1108d404af30ed48ba07e358b168') in 0.008160 seconds
  Import took 0.011154 seconds .

========================================================================
Received Import Request.
  Time since last request: 0.693456 seconds.
  path: Assets/ObstacleCoursePack/Scripts/Bounce.cs
  artifactKey: Guid(fdffcc51f538bef4c8abd3b5bbb6ff17) Importer(815301076,1909f56bfc062723c751e8b465ee728b)
Start importing Assets/ObstacleCoursePack/Scripts/Bounce.cs using Guid(fdffcc51f538bef4c8abd3b5bbb6ff17) Importer(815301076,1909f56bfc062723c751e8b465ee728b)  -> (artifact id: 'f6cfae99e5fd19fc36f1625c559a8459') in 0.008150 seconds
  Import took 0.011433 seconds .

========================================================================
Received Import Request.
  Time since last request: 69.730969 seconds.
  path: Assets/ObstacleCoursePack/Controller/CharacterControls.cs
  artifactKey: Guid(8eae64db582b14544b6dffe686b12fb6) Importer(815301076,1909f56bfc062723c751e8b465ee728b)
Start importing Assets/ObstacleCoursePack/Controller/CharacterControls.cs using Guid(8eae64db582b14544b6dffe686b12fb6) Importer(815301076,1909f56bfc062723c751e8b465ee728b)  -> (artifact id: '54e4efce6f5d139e88efecfb11059a39') in 0.008198 seconds
  Import took 0.012055 seconds .

========================================================================
Received Import Request.
  Time since last request: 0.041204 seconds.
  path: Assets/ObstacleCoursePack/Controller/CharacterControls.cs
  artifactKey: Guid(8eae64db582b14544b6dffe686b12fb6) Importer(815301076,1909f56bfc062723c751e8b465ee728b)
Start importing Assets/ObstacleCoursePack/Controller/CharacterControls.cs using Guid(8eae64db582b14544b6dffe686b12fb6) Importer(815301076,1909f56bfc062723c751e8b465ee728b)  -> (artifact id: '54e4efce6f5d139e88efecfb11059a39') in 0.008800 seconds
  Import took 0.012111 seconds .

========================================================================
Received Import Request.
  Time since last request: 3.878707 seconds.
  path: Assets/ObstacleCoursePack/Controller/CameraManager.cs
  artifactKey: Guid(c54596d8a698c5b4f8edf8b9cfc74ccb) Importer(815301076,1909f56bfc062723c751e8b465ee728b)
Start importing Assets/ObstacleCoursePack/Controller/CameraManager.cs using Guid(c54596d8a698c5b4f8edf8b9cfc74ccb) Importer(815301076,1909f56bfc062723c751e8b465ee728b)  -> (artifact id: 'a6573e0e84b7ceab6cd38ae5758732ab') in 0.010256 seconds
  Import took 0.014867 seconds .

========================================================================
Received Prepare
Registering precompiled user dll's ...
Registered in 0.003070 seconds.
Begin MonoManager ReloadAssembly
Native extension for WindowsStandalone target not found
Refreshing native plugins compatible for Editor in 0.42 ms, found 0 plugins.
Preloading 0 native plugins for Editor in 0.00 ms.
Invoked RoslynAnalysisRunner static constructor.
RoslynAnalysisRunner will not be running.
RoslynAnalysisRunner has terminated.
Mono: successfully reloaded assembly
- Completed reload, in  1.722 seconds
Platform modules already initialized, skipping
Refreshing native plugins compatible for Editor in 0.43 ms, found 0 plugins.
Preloading 0 native plugins for Editor in 0.00 ms.
Unloading 1110 Unused Serialized files (Serialized files now loaded: 0)
System memory in use before: 63.0 MB.
System memory in use after: 63.1 MB.

Unloading 5 unused Assets to reduce memory usage. Loaded Objects now: 1610.
Total: 2.769700 ms (FindLiveObjects: 0.245000 ms CreateObjectMapping: 0.058900 ms MarkObjects: 2.346500 ms  DeleteObjects: 0.116000 ms)

========================================================================
Received Prepare
Registering precompiled user dll's ...
Registered in 0.002596 seconds.
Begin MonoManager ReloadAssembly
Native extension for WindowsStandalone target not found
Refreshing native plugins compatible for Editor in 0.38 ms, found 0 plugins.
Preloading 0 native plugins for Editor in 0.00 ms.
Invoked RoslynAnalysisRunner static constructor.
RoslynAnalysisRunner will not be running.
RoslynAnalysisRunner has terminated.
Mono: successfully reloaded assembly
- Completed reload, in  1.642 seconds
Platform modules already initialized, skipping
Refreshing native plugins compatible for Editor in 0.29 ms, found 0 plugins.
Preloading 0 native plugins for Editor in 0.00 ms.
Unloading 1110 Unused Serialized files (Serialized files now loaded: 0)
System memory in use before: 63.0 MB.
System memory in use after: 63.1 MB.

Unloading 5 unused Assets to reduce memory usage. Loaded Objects now: 1612.
Total: 1.974300 ms (FindLiveObjects: 0.157300 ms CreateObjectMapping: 0.051400 ms MarkObjects: 1.695800 ms  DeleteObjects: 0.068300 ms)

========================================================================
Received Prepare
Registering precompiled user dll's ...
Registered in 0.002722 seconds.
Begin MonoManager ReloadAssembly
Native extension for WindowsStandalone target not found
Refreshing native plugins compatible for Editor in 0.29 ms, found 0 plugins.
Preloading 0 native plugins for Editor in 0.00 ms.
Invoked RoslynAnalysisRunner static constructor.
RoslynAnalysisRunner will not be running.
RoslynAnalysisRunner has terminated.
Mono: successfully reloaded assembly
- Completed reload, in  1.950 seconds
Platform modules already initialized, skipping
Refreshing native plugins compatible for Editor in 0.29 ms, found 0 plugins.
Preloading 0 native plugins for Editor in 0.00 ms.
Unloading 1110 Unused Serialized files (Serialized files now loaded: 0)
System memory in use before: 63.0 MB.
System memory in use after: 63.1 MB.

Unloading 5 unused Assets to reduce memory usage. Loaded Objects now: 1614.
Total: 1.935700 ms (FindLiveObjects: 0.180600 ms CreateObjectMapping: 0.053900 ms MarkObjects: 1.627600 ms  DeleteObjects: 0.071400 ms)

========================================================================
Received Prepare
Registering precompiled user dll's ...
Registered in 0.003929 seconds.
Begin MonoManager ReloadAssembly
Native extension for WindowsStandalone target not found
Refreshing native plugins compatible for Editor in 0.32 ms, found 0 plugins.
Preloading 0 native plugins for Editor in 0.00 ms.
Invoked RoslynAnalysisRunner static constructor.
RoslynAnalysisRunner will not be running.
RoslynAnalysisRunner has terminated.
Mono: successfully reloaded assembly
- Completed reload, in  1.691 seconds
Platform modules already initialized, skipping
Refreshing native plugins compatible for Editor in 0.30 ms, found 0 plugins.
Preloading 0 native plugins for Editor in 0.00 ms.
Unloading 1110 Unused Serialized files (Serialized files now loaded: 0)
System memory in use before: 63.1 MB.
System memory in use after: 63.1 MB.

Unloading 5 unused Assets to reduce memory usage. Loaded Objects now: 1616.
Total: 1.950000 ms (FindLiveObjects: 0.194100 ms CreateObjectMapping: 0.050300 ms MarkObjects: 1.622300 ms  DeleteObjects: 0.081700 ms)

========================================================================
Received Prepare
Registering precompiled user dll's ...
Registered in 0.002825 seconds.
Begin MonoManager ReloadAssembly
Native extension for WindowsStandalone target not found
Refreshing native plugins compatible for Editor in 0.75 ms, found 0 plugins.
Preloading 0 native plugins for Editor in 0.00 ms.
Invoked RoslynAnalysisRunner static constructor.
RoslynAnalysisRunner will not be running.
RoslynAnalysisRunner has terminated.
Mono: successfully reloaded assembly
- Completed reload, in  1.610 seconds
Platform modules already initialized, skipping
Refreshing native plugins compatible for Editor in 0.31 ms, found 0 plugins.
Preloading 0 native plugins for Editor in 0.00 ms.
Unloading 1112 Unused Serialized files (Serialized files now loaded: 0)
System memory in use before: 63.1 MB.
System memory in use after: 63.2 MB.

Unloading 5 unused Assets to reduce memory usage. Loaded Objects now: 1620.
Total: 2.215200 ms (FindLiveObjects: 0.307100 ms CreateObjectMapping: 0.072800 ms MarkObjects: 1.753700 ms  DeleteObjects: 0.079600 ms)

========================================================================
Received Import Request.
  Time since last request: 899.017755 seconds.
  path: Assets/Stylized Astronaut/Stylized Astronaut.prefab
  artifactKey: Guid(2abf19653d633114faedf3b60dc6c39f) Importer(815301076,1909f56bfc062723c751e8b465ee728b)
Start importing Assets/Stylized Astronaut/Stylized Astronaut.prefab using Guid(2abf19653d633114faedf3b60dc6c39f) Importer(815301076,1909f56bfc062723c751e8b465ee728b)  -> (artifact id: '8aa7bad54f4a12f660fda542f9b22fa8') in 0.125418 seconds
  Import took 0.129665 seconds .

========================================================================
Received Prepare
Registering precompiled user dll's ...
Registered in 0.004779 seconds.
Begin MonoManager ReloadAssembly
Native extension for WindowsStandalone target not found
Refreshing native plugins compatible for Editor in 0.48 ms, found 0 plugins.
Preloading 0 native plugins for Editor in 0.00 ms.
Invoked RoslynAnalysisRunner static constructor.
RoslynAnalysisRunner will not be running.
RoslynAnalysisRunner has terminated.
Mono: successfully reloaded assembly
- Completed reload, in  2.214 seconds
Platform modules already initialized, skipping
Refreshing native plugins compatible for Editor in 0.36 ms, found 0 plugins.
Preloading 0 native plugins for Editor in 0.00 ms.
Unloading 1112 Unused Serialized files (Serialized files now loaded: 0)
System memory in use before: 77.2 MB.
System memory in use after: 77.2 MB.

Unloading 5 unused Assets to reduce memory usage. Loaded Objects now: 1624.
Total: 3.194500 ms (FindLiveObjects: 0.316200 ms CreateObjectMapping: 0.061700 ms MarkObjects: 2.703500 ms  DeleteObjects: 0.109800 ms)

========================================================================
Received Import Request.
  Time since last request: 762.830206 seconds.
  path: Assets/Stylized Astronaut/Demo
  artifactKey: Guid(6680934e1183bb74bbbb926c5665af01) Importer(815301076,1909f56bfc062723c751e8b465ee728b)
Start importing Assets/Stylized Astronaut/Demo using Guid(6680934e1183bb74bbbb926c5665af01) Importer(815301076,1909f56bfc062723c751e8b465ee728b)  -> (artifact id: 'e1074aebeaf62a1b03d12b5c9060615a') in 0.014165 seconds
  Import took 0.018211 seconds .

========================================================================
Received Import Request.
  Time since last request: 0.444818 seconds.
  path: Assets/Stylized Astronaut/Character
  artifactKey: Guid(b97d8aed59d353443a81b6380f674cb9) Importer(815301076,1909f56bfc062723c751e8b465ee728b)
Start importing Assets/Stylized Astronaut/Character using Guid(b97d8aed59d353443a81b6380f674cb9) Importer(815301076,1909f56bfc062723c751e8b465ee728b)  -> (artifact id: 'd961e558c7b7d8157975a4b9720691c6') in 0.009083 seconds
  Import took 0.012275 seconds .

========================================================================
Received Import Request.
  Time since last request: 0.499224 seconds.
  path: Assets/Stylized Astronaut/Character/Astronaut.fbx
  artifactKey: Guid(02dd6406ed1ebc248b2fafd0485e0de9) Importer(815301076,1909f56bfc062723c751e8b465ee728b)
Start importing Assets/Stylized Astronaut/Character/Astronaut.fbx using Guid(02dd6406ed1ebc248b2fafd0485e0de9) Importer(815301076,1909f56bfc062723c751e8b465ee728b)  -> (artifact id: 'efd56fd99f687f9862363a729d37c9b1') in 0.621686 seconds
  Import took 0.625526 seconds .

========================================================================
Received Import Request.
  Time since last request: 2.792978 seconds.
  path: Assets/Stylized Astronaut/Character/CharacterController.controller
  artifactKey: Guid(9e22852b9da8d834bab164ef1034a932) Importer(815301076,1909f56bfc062723c751e8b465ee728b)
Start importing Assets/Stylized Astronaut/Character/CharacterController.controller using Guid(9e22852b9da8d834bab164ef1034a932) Importer(815301076,1909f56bfc062723c751e8b465ee728b)  -> (artifact id: 'c4c41a20842a44e36d9bc0efd056080d') in 0.032176 seconds
  Import took 0.037677 seconds .

========================================================================
Received Prepare
Registering precompiled user dll's ...
Registered in 0.002915 seconds.
Begin MonoManager ReloadAssembly
Native extension for WindowsStandalone target not found
Refreshing native plugins compatible for Editor in 0.37 ms, found 0 plugins.
Preloading 0 native plugins for Editor in 0.00 ms.
Invoked RoslynAnalysisRunner static constructor.
RoslynAnalysisRunner will not be running.
RoslynAnalysisRunner has terminated.
Mono: successfully reloaded assembly
- Completed reload, in  1.809 seconds
Platform modules already initialized, skipping
Refreshing native plugins compatible for Editor in 0.29 ms, found 0 plugins.
Preloading 0 native plugins for Editor in 0.00 ms.
Unloading 1112 Unused Serialized files (Serialized files now loaded: 0)
System memory in use before: 77.4 MB.
System memory in use after: 77.4 MB.

Unloading 5 unused Assets to reduce memory usage. Loaded Objects now: 1630.
Total: 1.806500 ms (FindLiveObjects: 0.165400 ms CreateObjectMapping: 0.052800 ms MarkObjects: 1.518200 ms  DeleteObjects: 0.068300 ms)

========================================================================
Received Prepare
Registering precompiled user dll's ...
Registered in 0.003782 seconds.
Begin MonoManager ReloadAssembly
Native extension for WindowsStandalone target not found
Refreshing native plugins compatible for Editor in 0.54 ms, found 0 plugins.
Preloading 0 native plugins for Editor in 0.00 ms.
Invoked RoslynAnalysisRunner static constructor.
RoslynAnalysisRunner will not be running.
RoslynAnalysisRunner has terminated.
Mono: successfully reloaded assembly
- Completed reload, in  2.886 seconds
Platform modules already initialized, skipping
Refreshing native plugins compatible for Editor in 0.38 ms, found 0 plugins.
Preloading 0 native plugins for Editor in 0.00 ms.
Unloading 1112 Unused Serialized files (Serialized files now loaded: 0)
System memory in use before: 77.4 MB.
System memory in use after: 77.4 MB.

Unloading 5 unused Assets to reduce memory usage. Loaded Objects now: 1632.
Total: 3.556700 ms (FindLiveObjects: 0.510000 ms CreateObjectMapping: 0.062900 ms MarkObjects: 2.878800 ms  DeleteObjects: 0.093700 ms)

========================================================================
Received Prepare
Registering precompiled user dll's ...
Registered in 0.003955 seconds.
Begin MonoManager ReloadAssembly
Native extension for WindowsStandalone target not found
Refreshing native plugins compatible for Editor in 0.37 ms, found 0 plugins.
Preloading 0 native plugins for Editor in 0.00 ms.
Invoked RoslynAnalysisRunner static constructor.
RoslynAnalysisRunner will not be running.
RoslynAnalysisRunner has terminated.
Mono: successfully reloaded assembly
- Completed reload, in  2.053 seconds
Platform modules already initialized, skipping
Refreshing native plugins compatible for Editor in 0.44 ms, found 0 plugins.
Preloading 0 native plugins for Editor in 0.00 ms.
Unloading 1112 Unused Serialized files (Serialized files now loaded: 0)
System memory in use before: 77.4 MB.
System memory in use after: 77.5 MB.

Unloading 5 unused Assets to reduce memory usage. Loaded Objects now: 1634.
Total: 2.450200 ms (FindLiveObjects: 0.163700 ms CreateObjectMapping: 0.050000 ms MarkObjects: 2.158600 ms  DeleteObjects: 0.076100 ms)

========================================================================
Received Prepare
Registering precompiled user dll's ...
Registered in 0.002995 seconds.
Begin MonoManager ReloadAssembly
Native extension for WindowsStandalone target not found
Refreshing native plugins compatible for Editor in 0.30 ms, found 0 plugins.
Preloading 0 native plugins for Editor in 0.00 ms.
Invoked RoslynAnalysisRunner static constructor.
RoslynAnalysisRunner will not be running.
RoslynAnalysisRunner has terminated.
Mono: successfully reloaded assembly
- Completed reload, in  1.564 seconds
Platform modules already initialized, skipping
Refreshing native plugins compatible for Editor in 0.49 ms, found 0 plugins.
Preloading 0 native plugins for Editor in 0.00 ms.
Unloading 1112 Unused Serialized files (Serialized files now loaded: 0)
System memory in use before: 77.4 MB.
System memory in use after: 77.5 MB.

Unloading 5 unused Assets to reduce memory usage. Loaded Objects now: 1636.
Total: 3.729700 ms (FindLiveObjects: 0.481000 ms CreateObjectMapping: 0.074100 ms MarkObjects: 3.072800 ms  DeleteObjects: 0.098500 ms)

========================================================================
Received Import Request.
  Time since last request: 699.037687 seconds.
  path: Assets/Stylized Astronaut/Character/ThirdPersonCamera.cs
  artifactKey: Guid(fc3e9bd2af4844e4cb734482f04baa02) Importer(815301076,1909f56bfc062723c751e8b465ee728b)
Start importing Assets/Stylized Astronaut/Character/ThirdPersonCamera.cs using Guid(fc3e9bd2af4844e4cb734482f04baa02) Importer(815301076,1909f56bfc062723c751e8b465ee728b)  -> (artifact id: '251c97870ce80f4edc45e4b4e75311cb') in 0.014920 seconds
  Import took 0.020675 seconds .

========================================================================
Received Prepare
Registering precompiled user dll's ...
Registered in 0.002557 seconds.
Begin MonoManager ReloadAssembly
Native extension for WindowsStandalone target not found
Refreshing native plugins compatible for Editor in 0.44 ms, found 0 plugins.
Preloading 0 native plugins for Editor in 0.00 ms.
Invoked RoslynAnalysisRunner static constructor.
RoslynAnalysisRunner will not be running.
RoslynAnalysisRunner has terminated.
Mono: successfully reloaded assembly
- Completed reload, in  2.010 seconds
Platform modules already initialized, skipping
Refreshing native plugins compatible for Editor in 0.30 ms, found 0 plugins.
Preloading 0 native plugins for Editor in 0.00 ms.
Unloading 1112 Unused Serialized files (Serialized files now loaded: 0)
System memory in use before: 77.4 MB.
System memory in use after: 77.5 MB.

Unloading 5 unused Assets to reduce memory usage. Loaded Objects now: 1638.
Total: 2.067500 ms (FindLiveObjects: 0.220400 ms CreateObjectMapping: 0.058800 ms MarkObjects: 1.717300 ms  DeleteObjects: 0.069100 ms)

========================================================================
Received Prepare
Registering precompiled user dll's ...
Registered in 0.002896 seconds.
Begin MonoManager ReloadAssembly
Native extension for WindowsStandalone target not found
Refreshing native plugins compatible for Editor in 0.30 ms, found 0 plugins.
Preloading 0 native plugins for Editor in 0.00 ms.
Invoked RoslynAnalysisRunner static constructor.
RoslynAnalysisRunner will not be running.
RoslynAnalysisRunner has terminated.
Mono: successfully reloaded assembly
- Completed reload, in  1.925 seconds
Platform modules already initialized, skipping
Refreshing native plugins compatible for Editor in 0.31 ms, found 0 plugins.
Preloading 0 native plugins for Editor in 0.00 ms.
Unloading 1112 Unused Serialized files (Serialized files now loaded: 0)
System memory in use before: 77.4 MB.
System memory in use after: 77.5 MB.

Unloading 5 unused Assets to reduce memory usage. Loaded Objects now: 1640.
Total: 3.582000 ms (FindLiveObjects: 0.312800 ms CreateObjectMapping: 0.105900 ms MarkObjects: 3.090700 ms  DeleteObjects: 0.070400 ms)

